<?xml version="1.0" encoding="UTF-8"?>
<testsuite xmlns:xsi="http://www.w3.org/2001/XMLSchema-instance" xsi:noNamespaceSchemaLocation="https://maven.apache.org/surefire/maven-surefire-plugin/xsd/surefire-test-report-3.0.xsd" version="3.0" name="org.apache.flink.connectors.test.common.utils.TestDataMatchersTest" time="5.441" tests="4" errors="1" skipped="1" failures="1">
  <properties>
[...]
</properties>
  <testcase name="testOutOfOrder" classname="org.apache.flink.connectors.test.common.utils.TestDataMatchersTest" time="5.419">
    <skipped/>
  </testcase>
  <testcase name="testResultMoreThanExpected" classname="org.apache.flink.connectors.test.common.utils.TestDataMatchersTest" time="0.002">
    <error/>
  </testcase>
  <testcase name="testResultLessThanExpected" classname="org.apache.flink.connectors.test.common.utils.TestDataMatchersTest" time="0.001">
    <failure/>
  </testcase>
  <testcase name="testPositiveCase" classname="org.apache.flink.connectors.test.common.utils.TestDataMatchersTest" time="0.002"/>
</testsuite>